Analysis & Synthesis report for DE1_SoC
Sat Oct 29 21:55:15 2022
Quartus Prime Version 20.1.1 Build 720 11/11/2020 SJ Lite Edition


---------------------
; Table of Contents ;
---------------------
  1. Legal Notice
  2. Analysis & Synthesis Summary
  3. Analysis & Synthesis Settings
  4. Parallel Compilation
  5. Analysis & Synthesis Source Files Read
  6. Analysis & Synthesis Resource Usage Summary
  7. Analysis & Synthesis Resource Utilization by Entity
  8. Registers Removed During Synthesis
  9. General Register Statistics
 10. Multiplexer Restructuring Statistics (Restructuring Performed)
 11. Parameter Settings for User Entity Instance: Top-level Entity: |DE1_SoC
 12. Port Connectivity Checks: "comparator:comp"
 13. Port Connectivity Checks: "clock_divider:cdiv"
 14. Post-Synthesis Netlist Statistics for Top Partition
 15. Elapsed Time Per Partition
 16. Analysis & Synthesis Messages
 17. Analysis & Synthesis Suppressed Messages



----------------
; Legal Notice ;
----------------
Copyright (C) 2020  Intel Corporation. All rights reserved.
Your use of Intel Corporation's design tools, logic functions 
and other software and tools, and any partner logic 
functions, and any output files from any of the foregoing 
(including device programming or simulation files), and any 
associated documentation or information are expressly subject 
to the terms and conditions of the Intel Program License 
Subscription Agreement, the Intel Quartus Prime License Agreement,
the Intel FPGA IP License Agreement, or other applicable license
agreement, including, without limitation, that your use is for
the sole purpose of programming logic devices manufactured by
Intel and sold by Intel or its authorized distributors.  Please
refer to the applicable agreement for further details, at
https://fpgasoftware.intel.com/eula.



+-------------------------------------------------------------------------------+
; Analysis & Synthesis Summary                                                  ;
+---------------------------------+---------------------------------------------+
; Analysis & Synthesis Status     ; Successful - Sat Oct 29 21:55:15 2022       ;
; Quartus Prime Version           ; 20.1.1 Build 720 11/11/2020 SJ Lite Edition ;
; Revision Name                   ; DE1_SoC                                     ;
; Top-level Entity Name           ; DE1_SoC                                     ;
; Family                          ; Cyclone V                                   ;
; Logic utilization (in ALMs)     ; N/A                                         ;
; Total registers                 ; 48                                          ;
; Total pins                      ; 67                                          ;
; Total virtual pins              ; 0                                           ;
; Total block memory bits         ; 0                                           ;
; Total DSP Blocks                ; 0                                           ;
; Total HSSI RX PCSs              ; 0                                           ;
; Total HSSI PMA RX Deserializers ; 0                                           ;
; Total HSSI TX PCSs              ; 0                                           ;
; Total HSSI PMA TX Serializers   ; 0                                           ;
; Total PLLs                      ; 0                                           ;
; Total DLLs                      ; 0                                           ;
+---------------------------------+---------------------------------------------+


+---------------------------------------------------------------------------------------------------------------------------+
; Analysis & Synthesis Settings                                                                                             ;
+---------------------------------------------------------------------------------+--------------------+--------------------+
; Option                                                                          ; Setting            ; Default Value      ;
+---------------------------------------------------------------------------------+--------------------+--------------------+
; Device                                                                          ; 5CSEMA5F31C6       ;                    ;
; Top-level entity name                                                           ; DE1_SoC            ; DE1_SoC            ;
; Family name                                                                     ; Cyclone V          ; Cyclone V          ;
; State Machine Processing                                                        ; User-Encoded       ; Auto               ;
; Use smart compilation                                                           ; Off                ; Off                ;
; Enable parallel Assembler and Timing Analyzer during compilation                ; On                 ; On                 ;
; Enable compact report table                                                     ; Off                ; Off                ;
; Restructure Multiplexers                                                        ; Auto               ; Auto               ;
; MLAB Add Timing Constraints For Mixed-Port Feed-Through Mode Setting Don't Care ; Off                ; Off                ;
; Create Debugging Nodes for IP Cores                                             ; Off                ; Off                ;
; Preserve fewer node names                                                       ; On                 ; On                 ;
; Intel FPGA IP Evaluation Mode                                                   ; Enable             ; Enable             ;
; Verilog Version                                                                 ; Verilog_2001       ; Verilog_2001       ;
; VHDL Version                                                                    ; VHDL_1993          ; VHDL_1993          ;
; Safe State Machine                                                              ; Off                ; Off                ;
; Extract Verilog State Machines                                                  ; On                 ; On                 ;
; Extract VHDL State Machines                                                     ; On                 ; On                 ;
; Ignore Verilog initial constructs                                               ; Off                ; Off                ;
; Iteration limit for constant Verilog loops                                      ; 5000               ; 5000               ;
; Iteration limit for non-constant Verilog loops                                  ; 250                ; 250                ;
; Add Pass-Through Logic to Inferred RAMs                                         ; On                 ; On                 ;
; Infer RAMs from Raw Logic                                                       ; On                 ; On                 ;
; Parallel Synthesis                                                              ; On                 ; On                 ;
; DSP Block Balancing                                                             ; Auto               ; Auto               ;
; NOT Gate Push-Back                                                              ; On                 ; On                 ;
; Power-Up Don't Care                                                             ; On                 ; On                 ;
; Remove Redundant Logic Cells                                                    ; Off                ; Off                ;
; Remove Duplicate Registers                                                      ; On                 ; On                 ;
; Ignore CARRY Buffers                                                            ; Off                ; Off                ;
; Ignore CASCADE Buffers                                                          ; Off                ; Off                ;
; Ignore GLOBAL Buffers                                                           ; Off                ; Off                ;
; Ignore ROW GLOBAL Buffers                                                       ; Off                ; Off                ;
; Ignore LCELL Buffers                                                            ; Off                ; Off                ;
; Ignore SOFT Buffers                                                             ; On                 ; On                 ;
; Limit AHDL Integers to 32 Bits                                                  ; Off                ; Off                ;
; Optimization Technique                                                          ; Balanced           ; Balanced           ;
; Carry Chain Length                                                              ; 70                 ; 70                 ;
; Auto Carry Chains                                                               ; On                 ; On                 ;
; Auto Open-Drain Pins                                                            ; On                 ; On                 ;
; Perform WYSIWYG Primitive Resynthesis                                           ; Off                ; Off                ;
; Auto ROM Replacement                                                            ; On                 ; On                 ;
; Auto RAM Replacement                                                            ; On                 ; On                 ;
; Auto DSP Block Replacement                                                      ; On                 ; On                 ;
; Auto Shift Register Replacement                                                 ; Auto               ; Auto               ;
; Allow Shift Register Merging across Hierarchies                                 ; Auto               ; Auto               ;
; Auto Clock Enable Replacement                                                   ; On                 ; On                 ;
; Strict RAM Replacement                                                          ; Off                ; Off                ;
; Allow Synchronous Control Signals                                               ; On                 ; On                 ;
; Force Use of Synchronous Clear Signals                                          ; Off                ; Off                ;
; Auto Resource Sharing                                                           ; Off                ; Off                ;
; Allow Any RAM Size For Recognition                                              ; Off                ; Off                ;
; Allow Any ROM Size For Recognition                                              ; Off                ; Off                ;
; Allow Any Shift Register Size For Recognition                                   ; Off                ; Off                ;
; Use LogicLock Constraints during Resource Balancing                             ; On                 ; On                 ;
; Ignore translate_off and synthesis_off directives                               ; Off                ; Off                ;
; Timing-Driven Synthesis                                                         ; On                 ; On                 ;
; Report Parameter Settings                                                       ; On                 ; On                 ;
; Report Source Assignments                                                       ; On                 ; On                 ;
; Report Connectivity Checks                                                      ; On                 ; On                 ;
; Ignore Maximum Fan-Out Assignments                                              ; Off                ; Off                ;
; Synchronization Register Chain Length                                           ; 3                  ; 3                  ;
; Power Optimization During Synthesis                                             ; Normal compilation ; Normal compilation ;
; HDL message level                                                               ; Level2             ; Level2             ;
; Suppress Register Optimization Related Messages                                 ; Off                ; Off                ;
; Number of Removed Registers Reported in Synthesis Report                        ; 5000               ; 5000               ;
; Number of Swept Nodes Reported in Synthesis Report                              ; 5000               ; 5000               ;
; Number of Inverted Registers Reported in Synthesis Report                       ; 100                ; 100                ;
; Clock MUX Protection                                                            ; On                 ; On                 ;
; Auto Gated Clock Conversion                                                     ; Off                ; Off                ;
; Block Design Naming                                                             ; Auto               ; Auto               ;
; SDC constraint protection                                                       ; Off                ; Off                ;
; Synthesis Effort                                                                ; Auto               ; Auto               ;
; Shift Register Replacement - Allow Asynchronous Clear Signal                    ; On                 ; On                 ;
; Pre-Mapping Resynthesis Optimization                                            ; Off                ; Off                ;
; Analysis & Synthesis Message Level                                              ; Medium             ; Medium             ;
; Disable Register Merging Across Hierarchies                                     ; Auto               ; Auto               ;
; Resource Aware Inference For Block RAM                                          ; On                 ; On                 ;
; Automatic Parallel Synthesis                                                    ; On                 ; On                 ;
; Partial Reconfiguration Bitstream ID                                            ; Off                ; Off                ;
+---------------------------------------------------------------------------------+--------------------+--------------------+


+------------------------------------------+
; Parallel Compilation                     ;
+----------------------------+-------------+
; Processors                 ; Number      ;
+----------------------------+-------------+
; Number detected on machine ; 8           ;
; Maximum allowed            ; 4           ;
;                            ;             ;
; Average used               ; 1.00        ;
; Maximum used               ; 4           ;
;                            ;             ;
; Usage by Processor         ; % Time Used ;
;     Processor 1            ; 100.0%      ;
;     Processors 2-4         ;   0.0%      ;
+----------------------------+-------------+


+----------------------------------------------------------------------------------------------------------------------------------------------------------------+
; Analysis & Synthesis Source Files Read                                                                                                                         ;
+----------------------------------+-----------------+------------------------------+------------------------------------------------------------------+---------+
; File Name with User-Entered Path ; Used in Netlist ; File Type                    ; File Name with Absolute Path                                     ; Library ;
+----------------------------------+-----------------+------------------------------+------------------------------------------------------------------+---------+
; DE1_SoC.sv                       ; yes             ; User SystemVerilog HDL File  ; C:/Digital System Design with FPGAs/Lab2/lab2-3/DE1_SoC.sv       ;         ;
; clock_divider.sv                 ; yes             ; User SystemVerilog HDL File  ; C:/Digital System Design with FPGAs/Lab2/lab2-3/clock_divider.sv ;         ;
; userin.sv                        ; yes             ; User SystemVerilog HDL File  ; C:/Digital System Design with FPGAs/Lab2/lab2-3/userin.sv        ;         ;
; playfield.sv                     ; yes             ; User SystemVerilog HDL File  ; C:/Digital System Design with FPGAs/Lab2/lab2-3/playfield.sv     ;         ;
; victory.sv                       ; yes             ; User SystemVerilog HDL File  ; C:/Digital System Design with FPGAs/Lab2/lab2-3/victory.sv       ;         ;
; counter.sv                       ; yes             ; User SystemVerilog HDL File  ; C:/Digital System Design with FPGAs/Lab2/lab2-3/counter.sv       ;         ;
; LFSR.sv                          ; yes             ; User SystemVerilog HDL File  ; C:/Digital System Design with FPGAs/Lab2/lab2-3/LFSR.sv          ;         ;
; comparator.sv                    ; yes             ; User SystemVerilog HDL File  ; C:/Digital System Design with FPGAs/Lab2/lab2-3/comparator.sv    ;         ;
+----------------------------------+-----------------+------------------------------+------------------------------------------------------------------+---------+


+-------------------------------------------------------------------------------------+
; Analysis & Synthesis Resource Usage Summary                                         ;
+---------------------------------------------+---------------------------------------+
; Resource                                    ; Usage                                 ;
+---------------------------------------------+---------------------------------------+
; Estimate of Logic utilization (ALMs needed) ; 47                                    ;
;                                             ;                                       ;
; Combinational ALUT usage for logic          ; 76                                    ;
;     -- 7 input functions                    ; 0                                     ;
;     -- 6 input functions                    ; 16                                    ;
;     -- 5 input functions                    ; 16                                    ;
;     -- 4 input functions                    ; 8                                     ;
;     -- <=3 input functions                  ; 36                                    ;
;                                             ;                                       ;
; Dedicated logic registers                   ; 48                                    ;
;                                             ;                                       ;
; I/O pins                                    ; 67                                    ;
;                                             ;                                       ;
; Total DSP Blocks                            ; 0                                     ;
;                                             ;                                       ;
; Maximum fan-out node                        ; clock_divider:cdiv|divided_clocks[15] ;
; Maximum fan-out                             ; 33                                    ;
; Total fan-out                               ; 495                                   ;
; Average fan-out                             ; 1.92                                  ;
+---------------------------------------------+---------------------------------------+


+----------------------------------------------------------------------------------------------------------------------------------------------------------------------------------------------------+
; Analysis & Synthesis Resource Utilization by Entity                                                                                                                                                ;
+----------------------------+---------------------+---------------------------+-------------------+------------+------+--------------+-------------------------------+---------------+--------------+
; Compilation Hierarchy Node ; Combinational ALUTs ; Dedicated Logic Registers ; Block Memory Bits ; DSP Blocks ; Pins ; Virtual Pins ; Full Hierarchy Name           ; Entity Name   ; Library Name ;
+----------------------------+---------------------+---------------------------+-------------------+------------+------+--------------+-------------------------------+---------------+--------------+
; |DE1_SoC                   ; 76 (3)              ; 48 (2)                    ; 0                 ; 0          ; 67   ; 0            ; |DE1_SoC                      ; DE1_SoC       ; work         ;
;    |LFSR:cyberplayer|      ; 1 (1)               ; 10 (10)                   ; 0                 ; 0          ; 0    ; 0            ; |DE1_SoC|LFSR:cyberplayer     ; LFSR          ; work         ;
;    |clock_divider:cdiv|    ; 16 (16)             ; 16 (16)                   ; 0                 ; 0          ; 0    ; 0            ; |DE1_SoC|clock_divider:cdiv   ; clock_divider ; work         ;
;    |comparator:comp|       ; 8 (8)               ; 1 (1)                     ; 0                 ; 0          ; 0    ; 0            ; |DE1_SoC|comparator:comp      ; comparator    ; work         ;
;    |counter:player1|       ; 3 (3)               ; 3 (3)                     ; 0                 ; 0          ; 0    ; 0            ; |DE1_SoC|counter:player1      ; counter       ; work         ;
;    |counter:player2|       ; 4 (4)               ; 3 (3)                     ; 0                 ; 0          ; 0    ; 0            ; |DE1_SoC|counter:player2      ; counter       ; work         ;
;    |playfield:GAME|        ; 27 (27)             ; 12 (12)                   ; 0                 ; 0          ; 0    ; 0            ; |DE1_SoC|playfield:GAME       ; playfield     ; work         ;
;    |userin:Right|          ; 0 (0)               ; 1 (1)                     ; 0                 ; 0          ; 0    ; 0            ; |DE1_SoC|userin:Right         ; userin        ; work         ;
;    |victory:cyberplayer1|  ; 7 (7)               ; 0 (0)                     ; 0                 ; 0          ; 0    ; 0            ; |DE1_SoC|victory:cyberplayer1 ; victory       ; work         ;
;    |victory:humanplayer2|  ; 7 (7)               ; 0 (0)                     ; 0                 ; 0          ; 0    ; 0            ; |DE1_SoC|victory:humanplayer2 ; victory       ; work         ;
+----------------------------+---------------------+---------------------------+-------------------+------------+------+--------------+-------------------------------+---------------+--------------+
Note: For table entries with two numbers listed, the numbers in parentheses indicate the number of resources of the given type used by the specific entity alone. The numbers listed outside of parentheses indicate the total resources of the given type used by the specific entity and all of its sub-entities in the hierarchy.


+------------------------------------------------------------------------------------+
; Registers Removed During Synthesis                                                 ;
+-------------------------------------------+----------------------------------------+
; Register name                             ; Reason for Removal                     ;
+-------------------------------------------+----------------------------------------+
; playfield:GAME|ps[2..31]                  ; Stuck at GND due to stuck port data_in ;
; userin:Right|ps[1..31]                    ; Stuck at GND due to stuck port data_in ;
; clock_divider:cdiv|divided_clocks[16..31] ; Lost fanout                            ;
; Total Number of Removed Registers = 77    ;                                        ;
+-------------------------------------------+----------------------------------------+


+------------------------------------------------------+
; General Register Statistics                          ;
+----------------------------------------------+-------+
; Statistic                                    ; Value ;
+----------------------------------------------+-------+
; Total registers                              ; 48    ;
; Number of registers using Synchronous Clear  ; 14    ;
; Number of registers using Synchronous Load   ; 0     ;
; Number of registers using Asynchronous Clear ; 0     ;
; Number of registers using Asynchronous Load  ; 0     ;
; Number of registers using Clock Enable       ; 2     ;
; Number of registers using Preset             ; 0     ;
+----------------------------------------------+-------+


+-------------------------------------------------------------------------------------------------------------------------------------------------+
; Multiplexer Restructuring Statistics (Restructuring Performed)                                                                                  ;
+--------------------+-----------+---------------+----------------------+------------------------+------------+-----------------------------------+
; Multiplexer Inputs ; Bus Width ; Baseline Area ; Area if Restructured ; Saving if Restructured ; Registered ; Example Multiplexer Output        ;
+--------------------+-----------+---------------+----------------------+------------------------+------------+-----------------------------------+
; 3:1                ; 3 bits    ; 6 LEs         ; 3 LEs                ; 3 LEs                  ; Yes        ; |DE1_SoC|counter:player2|count[0] ;
; 3:1                ; 3 bits    ; 6 LEs         ; 3 LEs                ; 3 LEs                  ; Yes        ; |DE1_SoC|counter:player1|count[2] ;
; 4:1                ; 8 bits    ; 16 LEs        ; 16 LEs               ; 0 LEs                  ; No         ; |DE1_SoC|playfield:GAME|LED[1]    ;
+--------------------+-----------+---------------+----------------------+------------------------+------------+-----------------------------------+


+-------------------------------------------------------------------------+
; Parameter Settings for User Entity Instance: Top-level Entity: |DE1_SoC ;
+----------------+-------+------------------------------------------------+
; Parameter Name ; Value ; Type                                           ;
+----------------+-------+------------------------------------------------+
; whichClock     ; 15    ; Signed Integer                                 ;
+----------------+-------+------------------------------------------------+
Note: In order to hide this table in the UI and the text report file, please set the "Show Parameter Settings in Synthesis Report" option in "Analysis and Synthesis Settings -> More Settings" to "Off".


+---------------------------------------------+
; Port Connectivity Checks: "comparator:comp" ;
+------+-------+----------+-------------------+
; Port ; Type  ; Severity ; Details           ;
+------+-------+----------+-------------------+
; A[9] ; Input ; Info     ; Stuck at GND      ;
+------+-------+----------+-------------------+


+----------------------------------------------------------------------------------------------------------------------------------+
; Port Connectivity Checks: "clock_divider:cdiv"                                                                                   ;
+------------------------+--------+----------+-------------------------------------------------------------------------------------+
; Port                   ; Type   ; Severity ; Details                                                                             ;
+------------------------+--------+----------+-------------------------------------------------------------------------------------+
; divided_clocks[31..16] ; Output ; Info     ; Connected to dangling logic. Logic that only feeds a dangling port will be removed. ;
; divided_clocks[14..0]  ; Output ; Info     ; Connected to dangling logic. Logic that only feeds a dangling port will be removed. ;
+------------------------+--------+----------+-------------------------------------------------------------------------------------+


+-----------------------------------------------------+
; Post-Synthesis Netlist Statistics for Top Partition ;
+-----------------------+-----------------------------+
; Type                  ; Count                       ;
+-----------------------+-----------------------------+
; arriav_ff             ; 48                          ;
;     ENA               ; 2                           ;
;     SCLR              ; 14                          ;
;     plain             ; 32                          ;
; arriav_lcell_comb     ; 77                          ;
;     arith             ; 15                          ;
;         1 data inputs ; 14                          ;
;         2 data inputs ; 1                           ;
;     normal            ; 62                          ;
;         0 data inputs ; 1                           ;
;         1 data inputs ; 2                           ;
;         2 data inputs ; 5                           ;
;         3 data inputs ; 14                          ;
;         4 data inputs ; 8                           ;
;         5 data inputs ; 16                          ;
;         6 data inputs ; 16                          ;
; boundary_port         ; 67                          ;
;                       ;                             ;
; Max LUT depth         ; 3.00                        ;
; Average LUT depth     ; 1.90                        ;
+-----------------------+-----------------------------+


+-------------------------------+
; Elapsed Time Per Partition    ;
+----------------+--------------+
; Partition Name ; Elapsed Time ;
+----------------+--------------+
; Top            ; 00:00:00     ;
+----------------+--------------+


+-------------------------------+
; Analysis & Synthesis Messages ;
+-------------------------------+
Info: *******************************************************************
Info: Running Quartus Prime Analysis & Synthesis
    Info: Version 20.1.1 Build 720 11/11/2020 SJ Lite Edition
    Info: Processing started: Sat Oct 29 21:55:03 2022
Info: Command: quartus_map --read_settings_files=on --write_settings_files=off DE1_SoC -c DE1_SoC
Info (20030): Parallel compilation is enabled and will use 4 of the 4 processors detected
Info (12021): Found 2 design units, including 2 entities, in source file mux2_1.sv
    Info (12023): Found entity 1: mux2_1 File: C:/Digital System Design with FPGAs/Lab2/lab2-3/mux2_1.sv Line: 1
    Info (12023): Found entity 2: mux2_1_testbench File: C:/Digital System Design with FPGAs/Lab2/lab2-3/mux2_1.sv Line: 8
Info (12021): Found 2 design units, including 2 entities, in source file mux4_1.sv
    Info (12023): Found entity 1: mux4_1 File: C:/Digital System Design with FPGAs/Lab2/lab2-3/mux4_1.sv Line: 1
    Info (12023): Found entity 2: mux4_1_testbench File: C:/Digital System Design with FPGAs/Lab2/lab2-3/mux4_1.sv Line: 12
Info (12021): Found 2 design units, including 2 entities, in source file de1_soc.sv
    Info (12023): Found entity 1: DE1_SoC File: C:/Digital System Design with FPGAs/Lab2/lab2-3/DE1_SoC.sv Line: 1
    Info (12023): Found entity 2: DE1_SoC_testbench File: C:/Digital System Design with FPGAs/Lab2/lab2-3/DE1_SoC.sv Line: 88
Info (12021): Found 1 design units, including 1 entities, in source file seg7.sv
    Info (12023): Found entity 1: seg7 File: C:/Digital System Design with FPGAs/Lab2/lab2-3/seg7.sv Line: 2
Info (12021): Found 1 design units, including 1 entities, in source file upc.sv
    Info (12023): Found entity 1: UPC File: C:/Digital System Design with FPGAs/Lab2/lab2-3/UPC.sv Line: 2
Info (12021): Found 2 design units, including 2 entities, in source file simple.sv
    Info (12023): Found entity 1: simple File: C:/Digital System Design with FPGAs/Lab2/lab2-3/simple.sv Line: 1
    Info (12023): Found entity 2: simple_testbench File: C:/Digital System Design with FPGAs/Lab2/lab2-3/simple.sv Line: 30
Info (12021): Found 1 design units, including 1 entities, in source file clock_divider.sv
    Info (12023): Found entity 1: clock_divider File: C:/Digital System Design with FPGAs/Lab2/lab2-3/clock_divider.sv Line: 3
Info (12021): Found 2 design units, including 2 entities, in source file runwaylights.sv
    Info (12023): Found entity 1: runwaylights File: C:/Digital System Design with FPGAs/Lab2/lab2-3/runwaylights.sv Line: 1
    Info (12023): Found entity 2: runwaylights_testbench File: C:/Digital System Design with FPGAs/Lab2/lab2-3/runwaylights.sv Line: 74
Info (12021): Found 1 design units, including 1 entities, in source file userin.sv
    Info (12023): Found entity 1: userin File: C:/Digital System Design with FPGAs/Lab2/lab2-3/userin.sv Line: 1
Info (12021): Found 1 design units, including 1 entities, in source file playfield.sv
    Info (12023): Found entity 1: playfield File: C:/Digital System Design with FPGAs/Lab2/lab2-3/playfield.sv Line: 1
Info (12021): Found 1 design units, including 1 entities, in source file victory.sv
    Info (12023): Found entity 1: victory File: C:/Digital System Design with FPGAs/Lab2/lab2-3/victory.sv Line: 1
Info (12021): Found 1 design units, including 1 entities, in source file counter.sv
    Info (12023): Found entity 1: counter File: C:/Digital System Design with FPGAs/Lab2/lab2-3/counter.sv Line: 1
Info (12021): Found 1 design units, including 1 entities, in source file lfsr.sv
    Info (12023): Found entity 1: LFSR File: C:/Digital System Design with FPGAs/Lab2/lab2-3/LFSR.sv Line: 1
Info (12021): Found 1 design units, including 1 entities, in source file comparator.sv
    Info (12023): Found entity 1: comparator File: C:/Digital System Design with FPGAs/Lab2/lab2-3/comparator.sv Line: 1
Info (12127): Elaborating entity "DE1_SoC" for the top level hierarchy
Info (12128): Elaborating entity "clock_divider" for hierarchy "clock_divider:cdiv" File: C:/Digital System Design with FPGAs/Lab2/lab2-3/DE1_SoC.sv Line: 17
Info (12128): Elaborating entity "userin" for hierarchy "userin:Right" File: C:/Digital System Design with FPGAs/Lab2/lab2-3/DE1_SoC.sv Line: 41
Info (12128): Elaborating entity "LFSR" for hierarchy "LFSR:cyberplayer" File: C:/Digital System Design with FPGAs/Lab2/lab2-3/DE1_SoC.sv Line: 46
Info (12128): Elaborating entity "comparator" for hierarchy "comparator:comp" File: C:/Digital System Design with FPGAs/Lab2/lab2-3/DE1_SoC.sv Line: 49
Info (12128): Elaborating entity "playfield" for hierarchy "playfield:GAME" File: C:/Digital System Design with FPGAs/Lab2/lab2-3/DE1_SoC.sv Line: 52
Info (12128): Elaborating entity "counter" for hierarchy "counter:player1" File: C:/Digital System Design with FPGAs/Lab2/lab2-3/DE1_SoC.sv Line: 60
Info (12128): Elaborating entity "victory" for hierarchy "victory:cyberplayer1" File: C:/Digital System Design with FPGAs/Lab2/lab2-3/DE1_SoC.sv Line: 64
Info (286030): Timing-Driven Synthesis is running
Info (17049): 16 registers lost all their fanouts during netlist optimizations.
Info (144001): Generated suppressed messages file C:/Digital System Design with FPGAs/Lab2/lab2-3/output_files/DE1_SoC.map.smsg
Info (16010): Generating hard_block partition "hard_block:auto_generated_inst"
    Info (16011): Adding 0 node(s), including 0 DDIO, 0 PLL, 0 transceiver and 0 LCELL
Info (21057): Implemented 161 device resources after synthesis - the final resource count might be different
    Info (21058): Implemented 15 input pins
    Info (21059): Implemented 52 output pins
    Info (21061): Implemented 94 logic cells
Info: Quartus Prime Analysis & Synthesis was successful. 0 errors, 0 warnings
    Info: Peak virtual memory: 4817 megabytes
    Info: Processing ended: Sat Oct 29 21:55:15 2022
    Info: Elapsed time: 00:00:12
    Info: Total CPU time (on all processors): 00:00:30


+------------------------------------------+
; Analysis & Synthesis Suppressed Messages ;
+------------------------------------------+
The suppressed messages can be found in C:/Digital System Design with FPGAs/Lab2/lab2-3/output_files/DE1_SoC.map.smsg.


